Started by an SCM change
[EnvInject] - Loading node environment variables.
Building in workspace /home/accession8/.jenkins/workspace/project_4
No credentials specified
 > git rev-parse --is-inside-work-tree # timeout=10
Fetching changes from the remote Git repository
 > git config remote.origin.url https://github.com/tejagudla/java-project.git # timeout=10
Fetching upstream changes from https://github.com/tejagudla/java-project.git
 > git --version # timeout=10
 > git fetch --tags --progress https://github.com/tejagudla/java-project.git +refs/heads/*:refs/remotes/origin/*
 > git rev-parse refs/remotes/origin/master^{commit} # timeout=10
 > git rev-parse refs/remotes/origin/origin/master^{commit} # timeout=10
Checking out Revision e1d80d8ff44a39bb64b51c781fac3c8a5a497db5 (refs/remotes/origin/master)
 > git config core.sparsecheckout # timeout=10
 > git checkout -f e1d80d8ff44a39bb64b51c781fac3c8a5a497db5
Commit message: "practical"
 > git rev-list --no-walk 8d8498afb26bacbf96983b3f812a142913b4a615 # timeout=10
Parsing POMs
ERROR: Failed to parse POMs
org.apache.maven.project.ProjectBuildingException: Some problems were encountered while processing the POMs:
[FATAL] Non-parseable POM /home/accession8/.jenkins/workspace/project_4/pom.xml: only whitespace content allowed before start tag and not S (position: START_DOCUMENT seen S... @1:1)  @ line 1, column 1

	at org.apache.maven.project.DefaultProjectBuilder.build(DefaultProjectBuilder.java:364)
	at hudson.maven.MavenEmbedder.buildProjects(MavenEmbedder.java:361)
	at hudson.maven.MavenEmbedder.readProjects(MavenEmbedder.java:331)
	at hudson.maven.MavenModuleSetBuild$PomParser.invoke(MavenModuleSetBuild.java:1328)
	at hudson.maven.MavenModuleSetBuild$PomParser.invoke(MavenModuleSetBuild.java:1125)
	at hudson.FilePath.act(FilePath.java:1078)
	at hudson.FilePath.act(FilePath.java:1061)
	at hudson.maven.MavenModuleSetBuild$MavenModuleSetBuildExecution.parsePoms(MavenModuleSetBuild.java:986)
	at hudson.maven.MavenModuleSetBuild$MavenModuleSetBuildExecution.doRun(MavenModuleSetBuild.java:691)
	at hudson.model.AbstractBuild$AbstractBuildExecution.run(AbstractBuild.java:504)
	at hudson.model.Run.execute(Run.java:1810)
	at hudson.maven.MavenModuleSetBuild.run(MavenModuleSetBuild.java:543)
	at hudson.model.ResourceController.execute(ResourceController.java:97)
	at hudson.model.Executor.run(Executor.java:429)
ERROR: Failed to find configuration named [] check the global configuration
Build step 'Send files or execute commands over SSH' changed build result to UNSTABLE
Finished: FAILURE
